2020-06-02 12:47:06,942 [                  main] [INFO ] [ru.agiletech.teammate.service.Application] [] The following profiles are active: develop

2020-06-02 12:47:07,670 [                  main] [INFO ] [org.springframework.data.repository.config.RepositoryConfigurationDelegate] [] Bootstrapping Spring Data JPA repositories in DEFAULT mode.

2020-06-02 12:47:07,734 [                  main] [INFO ] [org.springframework.data.repository.config.RepositoryConfigurationDelegate] [] Finished Spring Data repository scanning in 52ms. Found 1 JPA repository interfaces.

2020-06-02 12:47:08,211 [                  main] [WARN ] [org.springframework.boot.actuate.endpoint.EndpointId] [] Endpoint ID 'service-registry' contains invalid characters, please migrate to a valid format.

2020-06-02 12:47:08,358 [                  main] [INFO ] [org.springframework.cloud.context.scope.GenericScope] [] BeanFactory id=738e67a1-a38d-3237-a718-79126565d216

2020-06-02 12:47:08,441 [                  main] [INFO ] [org.springframework.integration.config.DefaultConfiguringBeanFactoryPostProcessor] [] No bean named 'errorChannel' has been explicitly defined. Therefore, a default PublishSubscribeChannel will be created.

2020-06-02 12:47:08,446 [                  main] [INFO ] [org.springframework.integration.config.DefaultConfiguringBeanFactoryPostProcessor] [] No bean named 'taskScheduler' has been explicitly defined. Therefore, a default ThreadPoolTaskScheduler will be created.

2020-06-02 12:47:08,452 [                  main] [INFO ] [org.springframework.integration.config.DefaultConfiguringBeanFactoryPostProcessor] [] No bean named 'integrationHeaderChannelRegistry' has been explicitly defined. Therefore, a default DefaultHeaderChannelRegistry will be created.

2020-06-02 12:47:08,559 [                  main] [INFO ] [org.springframework.context.support.PostProcessorRegistrationDelegate$BeanPostProcessorChecker] [] Bean 'integrationChannelResolver' of type [org.springframework.integration.support.channel.BeanFactoryChannelResolver] is not eligible for getting processed by all BeanPostProcessors (for example: not eligible for auto-proxying)

2020-06-02 12:47:08,562 [                  main] [INFO ] [org.springframework.context.support.PostProcessorRegistrationDelegate$BeanPostProcessorChecker] [] Bean 'integrationDisposableAutoCreatedBeans' of type [org.springframework.integration.config.annotation.Disposables] is not eligible for getting processed by all BeanPostProcessors (for example: not eligible for auto-proxying)

2020-06-02 12:47:08,576 [                  main] [INFO ] [org.springframework.context.support.PostProcessorRegistrationDelegate$BeanPostProcessorChecker] [] Bean 'org.springframework.integration.config.IntegrationManagementConfiguration' of type [org.springframework.integration.config.IntegrationManagementConfiguration] is not eligible for getting processed by all BeanPostProcessors (for example: not eligible for auto-proxying)

2020-06-02 12:47:08,890 [                  main] [INFO ] [org.springframework.boot.web.embedded.tomcat.TomcatWebServer] [] Tomcat initialized with port(s): 8080 (http)

2020-06-02 12:47:08,898 [                  main] [INFO ] [org.apache.coyote.http11.Http11NioProtocol] [] Initializing ProtocolHandler ["http-nio-8080"]

2020-06-02 12:47:08,898 [                  main] [INFO ] [org.apache.catalina.core.StandardService] [] Starting service [Tomcat]

2020-06-02 12:47:08,898 [                  main] [INFO ] [org.apache.catalina.core.StandardEngine] [] Starting Servlet engine: [Apache Tomcat/9.0.33]

2020-06-02 12:47:08,999 [                  main] [INFO ] [org.apache.catalina.core.ContainerBase.[Tomcat].[localhost].[/]] [] Initializing Spring embedded WebApplicationContext

2020-06-02 12:47:08,999 [                  main] [INFO ] [org.springframework.web.context.ContextLoader] [] Root WebApplicationContext: initialization completed in 2046 ms

2020-06-02 12:47:09,077 [                  main] [WARN ] [com.netflix.config.sources.URLConfigurationSource] [] No URLs will be polled as dynamic configuration sources.

2020-06-02 12:47:09,077 [                  main] [INFO ] [com.netflix.config.sources.URLConfigurationSource] [] To enable URLs as dynamic configuration sources, define System property archaius.configurationSource.additionalUrls or make config.properties available on classpath.

2020-06-02 12:47:09,083 [                  main] [INFO ] [com.netflix.config.DynamicPropertyFactory] [] DynamicPropertyFactory is initialized with configuration sources: com.netflix.config.ConcurrentCompositeConfiguration@54496c2d

2020-06-02 12:47:09,465 [                  main] [INFO ] [org.springframework.scheduling.concurrent.ThreadPoolTaskScheduler] [] Initializing ExecutorService 'taskScheduler'

2020-06-02 12:47:09,655 [                  main] [WARN ] [org.springframework.boot.web.servlet.context.AnnotationConfigServletWebServerApplicationContext] [] Exception encountered during context initialization - cancelling refresh attempt: org.springframework.beans.factory.UnsatisfiedDependencyException: Error creating bean with name 'flywayInitializer' defined in class path resource [org/springframework/boot/autoconfigure/flyway/FlywayAutoConfiguration$FlywayConfiguration.class]: Unsatisfied dependency expressed through method 'flywayInitializer' parameter 0; nested exception is org.springframework.beans.factory.BeanCreationException: Error creating bean with name 'flyway' defined in class path resource [org/springframework/boot/autoconfigure/flyway/FlywayAutoConfiguration$FlywayConfiguration.class]: Bean instantiation via factory method failed; nested exception is org.springframework.beans.BeanInstantiationException: Failed to instantiate [org.flywaydb.core.Flyway]: Factory method 'flyway' threw exception; nested exception is org.springframework.boot.autoconfigure.flyway.FlywayMigrationScriptMissingException: Cannot find migration scripts in: [classpath:db/migration] (please add migration scripts or check your Flyway configuration)

2020-06-02 12:47:09,655 [                  main] [INFO ] [org.springframework.scheduling.concurrent.ThreadPoolTaskScheduler] [] Shutting down ExecutorService 'taskScheduler'

2020-06-02 12:47:09,657 [                  main] [INFO ] [org.apache.catalina.core.StandardService] [] Stopping service [Tomcat]

2020-06-02 12:47:09,672 [                  main] [INFO ] [org.springframework.boot.autoconfigure.logging.ConditionEvaluationReportLoggingListener] [] 

Error starting ApplicationContext. To display the conditions report re-run your application with 'debug' enabled.

2020-06-02 12:47:09,680 [                  main] [ERROR] [org.springframework.boot.diagnostics.LoggingFailureAnalysisReporter] [] 

***************************
APPLICATION FAILED TO START
***************************

Description:

Flyway failed to initialize: none of the following migration scripts locations could be found:

	- classpath:db/migration


Action:

Review the locations above or check your Flyway configuration


